2025-05-29 10:43:31,440 [Worker-4: Loading available Gradle versions] INFO  o.e.b.c.i.u.g.PublishedGradleVersions - Gradle version information cache is not available. Remote download required.
2025-05-29 10:58:58,887 [Worker-12: Import Getting Started Content] INFO  o.e.m.c.i.l.LifecycleMappingFactory - Using org.eclipse.m2e.jdt.JarLifecycleMapping lifecycle mapping for MavenProject: com.Rudrian:FormativaRudrianAlmeida:0.0.1-SNAPSHOT @ C:\Users\Rudrian\Documents\AVALIATIVAWORK\FormativaRudrianAlmeida\pom.xml.
2025-05-29 10:59:10,534 [Worker-12: Import Getting Started Content] INFO  o.e.m.j.i.AbstractJavaProjectConfigurator - Adding source folder /FormativaRudrianAlmeida/src/main/java
2025-05-29 10:59:10,562 [Worker-12: Import Getting Started Content] INFO  o.e.m.j.i.AbstractJavaProjectConfigurator - Adding resource folder /FormativaRudrianAlmeida/src/main/resources
2025-05-29 10:59:10,573 [Worker-12: Import Getting Started Content] INFO  o.e.m.j.i.AbstractJavaProjectConfigurator - Adding resource folder /FormativaRudrianAlmeida/src/main/resources
2025-05-29 10:59:10,602 [Worker-12: Import Getting Started Content] INFO  o.e.m.j.i.AbstractJavaProjectConfigurator - Adding source folder /FormativaRudrianAlmeida/src/test/java
2025-05-29 10:59:10,605 [Worker-12: Import Getting Started Content] INFO  o.e.m.j.i.AbstractJavaProjectConfigurator - Adding resource folder /FormativaRudrianAlmeida/src/test/resources
2025-05-29 10:59:20,453 [Worker-12: Import Getting Started Content] INFO  o.e.m.c.i.p.ProjectConfigurationManager - Imported and configured 1 project(s) in 33 sec
2025-05-29 10:59:20,460 [Worker-12: Import Getting Started Content] INFO  o.e.m.c.i.p.ProjectConfigurationManager - Update started
2025-05-29 10:59:21,459 [Worker-12: Import Getting Started Content] INFO  o.e.m.c.i.l.LifecycleMappingFactory - Using org.eclipse.m2e.jdt.JarLifecycleMapping lifecycle mapping for MavenProject: com.Rudrian:FormativaRudrianAlmeida:0.0.1-SNAPSHOT @ C:\Users\Rudrian\Documents\AVALIATIVAWORK\FormativaRudrianAlmeida\pom.xml.
2025-05-29 10:59:23,265 [Worker-12: Import Getting Started Content] INFO  o.e.m.j.i.AbstractJavaProjectConfigurator - Adding source folder /FormativaRudrianAlmeida/src/main/java
2025-05-29 10:59:23,267 [Worker-12: Import Getting Started Content] INFO  o.e.m.j.i.AbstractJavaProjectConfigurator - Adding resource folder /FormativaRudrianAlmeida/src/main/resources
2025-05-29 10:59:23,270 [Worker-12: Import Getting Started Content] INFO  o.e.m.j.i.AbstractJavaProjectConfigurator - Adding resource folder /FormativaRudrianAlmeida/src/main/resources
2025-05-29 10:59:23,271 [Worker-12: Import Getting Started Content] INFO  o.e.m.j.i.AbstractJavaProjectConfigurator - Adding source folder /FormativaRudrianAlmeida/src/test/java
2025-05-29 10:59:23,273 [Worker-12: Import Getting Started Content] INFO  o.e.m.j.i.AbstractJavaProjectConfigurator - Adding resource folder /FormativaRudrianAlmeida/src/test/resources
2025-05-29 10:59:24,738 [Worker-12: Import Getting Started Content] INFO  o.e.m.c.i.p.ProjectConfigurationManager - Update completed for 1 poms: local refresh takes 0,00 sec, refresh facades takes 2,00 sec, update config takes 1,00 sec 
2025-05-29 10:59:26,357 [Worker-12: Building] INFO  o.a.m.s.f.DefaultMavenResourcesFiltering - Copying 1 resource from src\main\resources to target\classes
2025-05-29 10:59:26,391 [Worker-12: Building] INFO  o.a.m.s.f.DefaultMavenResourcesFiltering - Copying 0 resource from src\main\resources to target\classes
2025-05-29 10:59:26,402 [Worker-12: Building] INFO  o.a.m.s.f.DefaultMavenResourcesFiltering - skip non existing resourceDirectory C:\Users\Rudrian\Documents\AVALIATIVAWORK\FormativaRudrianAlmeida\src\test\resources
2025-05-29 11:00:56,976 [Worker-12: Building] INFO  o.a.m.s.f.DefaultMavenResourcesFiltering - Copying 1 resource from src\main\resources to target\classes
2025-05-29 11:00:56,985 [Worker-12: Building] INFO  o.a.m.s.f.DefaultMavenResourcesFiltering - Copying 0 resource from src\main\resources to target\classes
2025-05-29 11:00:56,994 [Worker-12: Building] INFO  o.a.m.s.f.DefaultMavenResourcesFiltering - skip non existing resourceDirectory C:\Users\Rudrian\Documents\AVALIATIVAWORK\FormativaRudrianAlmeida\src\test\resources
2025-05-29 11:05:15,894 [Worker-11: Building] INFO  o.a.m.s.f.DefaultMavenResourcesFiltering - Copying 1 resource from src\main\resources to target\classes
2025-05-29 11:05:15,904 [Worker-11: Building] INFO  o.a.m.s.f.DefaultMavenResourcesFiltering - Copying 0 resource from src\main\resources to target\classes
2025-05-29 11:05:15,919 [Worker-11: Building] INFO  o.a.m.s.f.DefaultMavenResourcesFiltering - skip non existing resourceDirectory C:\Users\Rudrian\Documents\AVALIATIVAWORK\FormativaRudrianAlmeida\src\test\resources
2025-05-29 11:07:11,070 [Worker-12: Building] INFO  o.a.m.s.f.DefaultMavenResourcesFiltering - Copying 1 resource from src\main\resources to target\classes
2025-05-29 11:07:11,077 [Worker-12: Building] INFO  o.a.m.s.f.DefaultMavenResourcesFiltering - Copying 0 resource from src\main\resources to target\classes
2025-05-29 11:07:11,086 [Worker-12: Building] INFO  o.a.m.s.f.DefaultMavenResourcesFiltering - skip non existing resourceDirectory C:\Users\Rudrian\Documents\AVALIATIVAWORK\FormativaRudrianAlmeida\src\test\resources
2025-05-29 11:16:36,546 [Worker-1: Building] INFO  o.a.m.s.f.DefaultMavenResourcesFiltering - Copying 1 resource from src\main\resources to target\classes
2025-05-29 11:16:36,555 [Worker-1: Building] INFO  o.a.m.s.f.DefaultMavenResourcesFiltering - Copying 0 resource from src\main\resources to target\classes
2025-05-29 11:16:36,564 [Worker-1: Building] INFO  o.a.m.s.f.DefaultMavenResourcesFiltering - skip non existing resourceDirectory C:\Users\Rudrian\Documents\AVALIATIVAWORK\FormativaRudrianAlmeida\src\test\resources
2025-05-29 11:36:28,924 [Worker-12: Building] INFO  o.e.m.c.i.l.LifecycleMappingFactory - Using org.eclipse.m2e.jdt.JarLifecycleMapping lifecycle mapping for MavenProject: com.Rudrian:FormativaRudrianAlmeida:0.0.1-SNAPSHOT @ C:\Users\Rudrian\Documents\AVALIATIVAWORK\FormativaRudrianAlmeida\pom.xml.
2025-05-29 11:36:32,349 [Worker-12: Building] INFO  o.a.m.s.f.DefaultMavenResourcesFiltering - Copying 0 resource from src\main\resources to target\classes
2025-05-29 11:36:32,351 [Worker-12: Building] INFO  o.a.m.s.f.DefaultMavenResourcesFiltering - Copying 0 resource from src\main\resources to target\classes
2025-05-29 11:36:32,359 [Worker-12: Building] INFO  o.a.m.s.f.DefaultMavenResourcesFiltering - skip non existing resourceDirectory C:\Users\Rudrian\Documents\AVALIATIVAWORK\FormativaRudrianAlmeida\src\test\resources
2025-05-29 11:36:32,841 [Worker-10: Building] INFO  o.a.m.s.f.DefaultMavenResourcesFiltering - Copying 1 resource from src\main\resources to target\classes
2025-05-29 11:36:32,886 [Worker-10: Building] INFO  o.a.m.s.f.DefaultMavenResourcesFiltering - Copying 0 resource from src\main\resources to target\classes
2025-05-29 11:36:32,898 [Worker-10: Building] INFO  o.a.m.s.f.DefaultMavenResourcesFiltering - skip non existing resourceDirectory C:\Users\Rudrian\Documents\AVALIATIVAWORK\FormativaRudrianAlmeida\src\test\resources
2025-05-29 11:37:03,142 [Worker-10: Launching FormativaRudrianAlmeida - FormativaRudrianAlmeidaApplication] INFO  o.a.m.s.f.DefaultMavenResourcesFiltering - Copying 1 resource from src\main\resources to target\classes
2025-05-29 11:37:03,154 [Worker-10: Launching FormativaRudrianAlmeida - FormativaRudrianAlmeidaApplication] INFO  o.a.m.s.f.DefaultMavenResourcesFiltering - Copying 0 resource from src\main\resources to target\classes
2025-05-29 11:37:03,161 [Worker-10: Launching FormativaRudrianAlmeida - FormativaRudrianAlmeidaApplication] INFO  o.a.m.s.f.DefaultMavenResourcesFiltering - skip non existing resourceDirectory C:\Users\Rudrian\Documents\AVALIATIVAWORK\FormativaRudrianAlmeida\src\test\resources
2025-05-29 11:39:14,130 [Worker-17: Launching FormativaRudrianAlmeida - FormativaRudrianAlmeidaApplication] INFO  o.a.m.s.f.DefaultMavenResourcesFiltering - Copying 1 resource from src\main\resources to target\classes
2025-05-29 11:39:14,136 [Worker-17: Launching FormativaRudrianAlmeida - FormativaRudrianAlmeidaApplication] INFO  o.a.m.s.f.DefaultMavenResourcesFiltering - Copying 0 resource from src\main\resources to target\classes
2025-05-29 11:39:14,142 [Worker-17: Launching FormativaRudrianAlmeida - FormativaRudrianAlmeidaApplication] INFO  o.a.m.s.f.DefaultMavenResourcesFiltering - skip non existing resourceDirectory C:\Users\Rudrian\Documents\AVALIATIVAWORK\FormativaRudrianAlmeida\src\test\resources
